2025-03-09 10:37:18,578 - youtube_fetcher - INFO - Fetching latest videos...
2025-03-09 10:37:19,322 - youtube_fetcher - INFO - Adding new video: c0dhqnB8ZNw
2025-03-09 10:37:19,323 - youtube_fetcher - INFO - Adding new video: k6l6OANqzBM
2025-03-09 10:37:19,325 - youtube_fetcher - INFO - Adding new video: scuoG4ggQKI
2025-03-09 10:37:19,327 - youtube_fetcher - INFO - Adding new video: q4IevbIHx3Q
2025-03-09 10:37:19,329 - youtube_fetcher - INFO - Adding new video: 6l5DNtEOeSE
2025-03-09 10:37:19,332 - youtube_fetcher - INFO - Adding new video: u7eYMnncBmc
2025-03-09 10:37:19,334 - youtube_fetcher - INFO - Adding new video: Ww6V-HX6npE
2025-03-09 10:37:19,336 - youtube_fetcher - INFO - Adding new video: ElXPnACEDEs
2025-03-09 10:37:19,338 - youtube_fetcher - INFO - Adding new video: RhFE2zopMkI
2025-03-09 10:37:19,339 - youtube_fetcher - INFO - Adding new video: Nd5dzv3vaa8
2025-03-09 10:37:19,356 - youtube_fetcher - INFO - Added 10 new videos to database
2025-03-09 10:37:29,354 - youtube_fetcher - INFO - Fetching latest videos...
2025-03-09 10:37:30,009 - youtube_fetcher - INFO - Adding new video: hDfXKxKvkkM
2025-03-09 10:37:30,021 - youtube_fetcher - INFO - Adding new video: jUBpawrNXy4
2025-03-09 10:37:30,027 - youtube_fetcher - INFO - Added 2 new videos to database
2025-03-09 10:37:40,029 - youtube_fetcher - INFO - Fetching latest videos...
2025-03-09 10:37:50,671 - youtube_fetcher - INFO - Fetching latest videos...
2025-03-09 10:38:01,361 - youtube_fetcher - INFO - Fetching latest videos...
2025-03-09 10:38:12,122 - youtube_fetcher - INFO - Fetching latest videos...
2025-03-09 10:38:22,744 - youtube_fetcher - INFO - Fetching latest videos...
2025-03-09 10:38:33,384 - youtube_fetcher - INFO - Fetching latest videos...
2025-03-09 10:38:43,992 - youtube_fetcher - INFO - Fetching latest videos...
2025-03-09 10:38:54,657 - youtube_fetcher - INFO - Fetching latest videos...
2025-03-09 10:39:05,350 - youtube_fetcher - INFO - Fetching latest videos...
2025-03-09 10:39:15,945 - youtube_fetcher - INFO - Fetching latest videos...
2025-03-09 10:39:26,574 - youtube_fetcher - INFO - Fetching latest videos...
2025-03-09 10:39:44,049 - youtube_fetcher - INFO - Fetching latest videos...
2025-03-09 10:39:44,791 - youtube_fetcher - INFO - Adding new video: Au_NGd_e81U
2025-03-09 10:39:44,794 - youtube_fetcher - INFO - Adding new video: q4tUiXTGqLY
2025-03-09 10:39:44,797 - youtube_fetcher - INFO - Adding new video: EzszdTFOFL8
2025-03-09 10:39:44,799 - youtube_fetcher - INFO - Adding new video: Tus9j50J4ms
2025-03-09 10:39:44,802 - youtube_fetcher - INFO - Adding new video: gYoMeVVYIsE
2025-03-09 10:39:44,804 - youtube_fetcher - INFO - Adding new video: 5HOPtbeoHSI
2025-03-09 10:39:44,806 - youtube_fetcher - INFO - Adding new video: 42fjn7ZeXls
2025-03-09 10:39:44,808 - youtube_fetcher - INFO - Adding new video: XWho7Et1EK8
2025-03-09 10:39:44,809 - youtube_fetcher - INFO - Adding new video: 1JXUKfmO1Nw
2025-03-09 10:39:44,811 - youtube_fetcher - INFO - Adding new video: i7ZkYPVZaPo
2025-03-09 10:39:44,823 - youtube_fetcher - INFO - Added 10 new videos to database
2025-03-09 10:39:54,825 - youtube_fetcher - INFO - Fetching latest videos...
2025-03-09 10:40:05,463 - youtube_fetcher - INFO - Fetching latest videos...
2025-03-09 10:40:06,087 - youtube_fetcher - INFO - Adding new video: BTkLgaxQkoQ
2025-03-09 10:40:06,108 - youtube_fetcher - INFO - Added 1 new videos to database
2025-03-09 10:40:16,110 - youtube_fetcher - INFO - Fetching latest videos...
2025-03-09 10:40:26,748 - youtube_fetcher - INFO - Fetching latest videos...
2025-03-09 10:40:37,417 - youtube_fetcher - INFO - Fetching latest videos...
2025-03-09 10:40:48,187 - youtube_fetcher - INFO - Fetching latest videos...
2025-03-09 10:40:58,785 - youtube_fetcher - INFO - Fetching latest videos...
2025-03-09 10:41:09,505 - youtube_fetcher - INFO - Fetching latest videos...
2025-03-09 10:41:20,090 - youtube_fetcher - INFO - Fetching latest videos...
2025-03-09 10:41:30,736 - youtube_fetcher - INFO - Fetching latest videos...
2025-03-09 10:41:41,446 - youtube_fetcher - INFO - Fetching latest videos...
2025-03-09 10:41:52,020 - youtube_fetcher - INFO - Fetching latest videos...
2025-03-09 10:42:02,582 - youtube_fetcher - INFO - Fetching latest videos...
2025-03-09 10:42:13,189 - youtube_fetcher - INFO - Fetching latest videos...
2025-03-09 10:42:23,836 - youtube_fetcher - INFO - Fetching latest videos...
2025-03-09 10:42:34,438 - youtube_fetcher - INFO - Fetching latest videos...
2025-03-09 10:42:45,177 - youtube_fetcher - INFO - Fetching latest videos...
2025-03-09 10:42:45,921 - youtube_fetcher - INFO - Adding new video: e5Z-14D9-1U
2025-03-09 10:42:45,928 - youtube_fetcher - INFO - Added 1 new videos to database
2025-03-09 10:42:55,929 - youtube_fetcher - INFO - Fetching latest videos...
2025-03-09 10:43:06,508 - youtube_fetcher - INFO - Fetching latest videos...
2025-03-09 10:43:17,093 - youtube_fetcher - INFO - Fetching latest videos...
2025-03-09 10:43:17,708 - youtube_fetcher - INFO - Adding new video: vXiS-Y0unrg
2025-03-09 10:43:17,730 - youtube_fetcher - INFO - Added 1 new videos to database
2025-03-09 10:43:27,731 - youtube_fetcher - INFO - Fetching latest videos...
2025-03-09 10:43:38,294 - youtube_fetcher - INFO - Fetching latest videos...
2025-03-09 10:43:48,884 - youtube_fetcher - INFO - Fetching latest videos...
2025-03-09 10:43:59,536 - youtube_fetcher - INFO - Fetching latest videos...
2025-03-09 10:44:10,160 - youtube_fetcher - INFO - Fetching latest videos...
2025-03-09 10:44:20,813 - youtube_fetcher - INFO - Fetching latest videos...
2025-03-09 10:44:31,397 - youtube_fetcher - INFO - Fetching latest videos...
2025-03-09 10:44:42,081 - youtube_fetcher - INFO - Fetching latest videos...
2025-03-09 10:44:52,724 - youtube_fetcher - INFO - Fetching latest videos...
2025-03-09 10:45:03,323 - youtube_fetcher - INFO - Fetching latest videos...
2025-03-09 10:45:13,918 - youtube_fetcher - INFO - Fetching latest videos...
2025-03-09 10:45:24,486 - youtube_fetcher - INFO - Fetching latest videos...
2025-03-09 10:45:35,102 - youtube_fetcher - INFO - Fetching latest videos...
2025-03-09 10:45:45,705 - youtube_fetcher - INFO - Fetching latest videos...
2025-03-09 10:45:56,333 - youtube_fetcher - INFO - Fetching latest videos...
2025-03-09 10:46:06,943 - youtube_fetcher - INFO - Fetching latest videos...
2025-03-09 10:46:07,540 - youtube_fetcher - INFO - Adding new video: vfkYwnoFMNs
2025-03-09 10:46:07,561 - youtube_fetcher - INFO - Added 1 new videos to database
2025-03-09 10:46:17,563 - youtube_fetcher - INFO - Fetching latest videos...
2025-03-09 10:46:28,270 - youtube_fetcher - INFO - Fetching latest videos...
2025-03-09 10:46:38,882 - youtube_fetcher - INFO - Fetching latest videos...
2025-03-09 10:46:49,486 - youtube_fetcher - INFO - Fetching latest videos...
2025-03-09 10:47:00,107 - youtube_fetcher - INFO - Fetching latest videos...
2025-03-09 10:47:10,684 - youtube_fetcher - INFO - Fetching latest videos...
2025-03-09 10:47:21,257 - youtube_fetcher - INFO - Fetching latest videos...
2025-03-09 10:47:31,790 - youtube_fetcher - INFO - Fetching latest videos...
2025-03-09 10:48:06,202 - youtube_fetcher - INFO - Fetching latest videos...
2025-03-09 10:48:29,137 - youtube_fetcher - INFO - Fetching latest videos...
2025-03-09 10:48:39,754 - youtube_fetcher - INFO - Fetching latest videos...
2025-03-09 10:48:50,398 - youtube_fetcher - INFO - Fetching latest videos...
2025-03-09 10:49:01,030 - youtube_fetcher - INFO - Fetching latest videos...
2025-03-09 10:49:11,650 - youtube_fetcher - INFO - Fetching latest videos...
2025-03-09 10:49:22,180 - youtube_fetcher - INFO - Fetching latest videos...
2025-03-09 10:49:32,773 - youtube_fetcher - INFO - Fetching latest videos...
2025-03-09 10:49:57,437 - youtube_fetcher - INFO - Fetching latest videos...
2025-03-09 10:50:13,871 - youtube_fetcher - INFO - Fetching latest videos...
2025-03-09 10:50:24,538 - youtube_fetcher - INFO - Fetching latest videos...
2025-03-09 10:50:35,181 - youtube_fetcher - INFO - Fetching latest videos...
2025-03-09 10:50:45,856 - youtube_fetcher - INFO - Fetching latest videos...
2025-03-09 10:50:56,475 - youtube_fetcher - INFO - Fetching latest videos...
2025-03-09 10:51:07,077 - youtube_fetcher - INFO - Fetching latest videos...
2025-03-09 10:51:17,682 - youtube_fetcher - INFO - Fetching latest videos...
2025-03-09 10:51:28,287 - youtube_fetcher - INFO - Fetching latest videos...
2025-03-09 10:51:38,896 - youtube_fetcher - INFO - Fetching latest videos...
2025-03-09 10:51:49,499 - youtube_fetcher - INFO - Fetching latest videos...
2025-03-09 10:52:00,104 - youtube_fetcher - INFO - Fetching latest videos...
2025-03-09 10:52:10,727 - youtube_fetcher - INFO - Fetching latest videos...
2025-03-09 10:52:21,320 - youtube_fetcher - INFO - Fetching latest videos...
2025-03-09 10:52:31,950 - youtube_fetcher - INFO - Fetching latest videos...
2025-03-09 10:52:42,819 - youtube_fetcher - INFO - Fetching latest videos...
2025-03-09 10:52:53,388 - youtube_fetcher - INFO - Fetching latest videos...
2025-03-09 10:53:04,134 - youtube_fetcher - INFO - Fetching latest videos...
2025-03-09 10:53:34,589 - youtube_fetcher - INFO - Fetching latest videos...
2025-03-09 10:53:58,116 - youtube_fetcher - INFO - Fetching latest videos...
2025-03-09 10:54:08,767 - youtube_fetcher - INFO - Fetching latest videos...
2025-03-09 10:54:19,698 - youtube_fetcher - INFO - Fetching latest videos...
2025-03-09 10:54:30,948 - youtube_fetcher - INFO - Fetching latest videos...
2025-03-09 10:54:41,766 - youtube_fetcher - INFO - Fetching latest videos...
2025-03-09 10:54:52,614 - youtube_fetcher - INFO - Fetching latest videos...
2025-03-09 10:55:03,195 - youtube_fetcher - INFO - Fetching latest videos...
2025-03-09 10:55:13,949 - youtube_fetcher - INFO - Fetching latest videos...
2025-03-09 10:55:13,998 - youtube_fetcher - WARNING - No data received, waiting before next attempt...
2025-03-09 10:55:24,000 - youtube_fetcher - INFO - Fetching latest videos...
2025-03-09 10:55:34,525 - youtube_fetcher - INFO - Fetching latest videos...
2025-03-09 10:55:45,057 - youtube_fetcher - INFO - Fetching latest videos...
2025-03-09 10:55:55,572 - youtube_fetcher - INFO - Fetching latest videos...
2025-03-09 10:56:06,080 - youtube_fetcher - INFO - Fetching latest videos...
2025-03-09 10:56:16,627 - youtube_fetcher - INFO - Fetching latest videos...
2025-03-09 10:56:17,143 - youtube_fetcher - INFO - Adding new video: Ky6h44d9Se0
2025-03-09 10:56:17,162 - youtube_fetcher - INFO - Added 1 new videos to database
2025-03-09 10:56:27,163 - youtube_fetcher - INFO - Fetching latest videos...
2025-03-09 10:56:37,719 - youtube_fetcher - INFO - Fetching latest videos...
2025-03-09 10:56:48,220 - youtube_fetcher - INFO - Fetching latest videos...
2025-03-09 10:56:58,720 - youtube_fetcher - INFO - Fetching latest videos...
2025-03-09 10:57:09,255 - youtube_fetcher - INFO - Fetching latest videos...
2025-03-09 10:57:19,703 - youtube_fetcher - INFO - Fetching latest videos...
2025-03-09 10:57:30,213 - youtube_fetcher - INFO - Fetching latest videos...
2025-03-09 10:57:40,754 - youtube_fetcher - INFO - Fetching latest videos...
2025-03-09 10:57:51,239 - youtube_fetcher - INFO - Fetching latest videos...
2025-03-09 10:58:01,803 - youtube_fetcher - INFO - Fetching latest videos...
2025-03-09 10:58:12,428 - youtube_fetcher - INFO - Fetching latest videos...
2025-03-09 10:58:22,937 - youtube_fetcher - INFO - Fetching latest videos...
2025-03-09 10:58:33,467 - youtube_fetcher - INFO - Fetching latest videos...
2025-03-09 10:58:43,953 - youtube_fetcher - INFO - Fetching latest videos...
2025-03-09 10:58:54,499 - youtube_fetcher - INFO - Fetching latest videos...
2025-03-09 10:59:08,419 - youtube_fetcher - INFO - Fetching latest videos...
2025-03-09 10:59:30,179 - youtube_fetcher - INFO - Fetching latest videos...
2025-03-09 10:59:41,095 - youtube_fetcher - INFO - Fetching latest videos...
2025-03-09 10:59:53,187 - youtube_fetcher - INFO - Fetching latest videos...
2025-03-09 11:00:16,495 - youtube_fetcher - INFO - Fetching latest videos...
2025-03-09 11:00:27,308 - youtube_fetcher - INFO - Fetching latest videos...
2025-03-09 11:00:58,365 - youtube_fetcher - INFO - Fetching latest videos...
2025-03-09 11:01:12,242 - youtube_fetcher - INFO - Fetching latest videos...
2025-03-09 11:01:23,085 - youtube_fetcher - INFO - Fetching latest videos...
2025-03-09 11:01:33,601 - youtube_fetcher - INFO - Fetching latest videos...
2025-03-09 11:01:44,375 - youtube_fetcher - INFO - Fetching latest videos...
2025-03-09 11:01:54,980 - youtube_fetcher - INFO - Fetching latest videos...
2025-03-09 11:02:05,630 - youtube_fetcher - INFO - Fetching latest videos...
2025-03-09 11:02:16,175 - youtube_fetcher - INFO - Fetching latest videos...
2025-03-09 11:02:26,729 - youtube_fetcher - INFO - Fetching latest videos...
2025-03-09 11:02:37,490 - youtube_fetcher - INFO - Fetching latest videos...
2025-03-09 11:02:47,986 - youtube_fetcher - INFO - Fetching latest videos...
2025-03-09 11:02:58,546 - youtube_fetcher - INFO - Fetching latest videos...
2025-03-09 11:03:09,019 - youtube_fetcher - INFO - Fetching latest videos...
2025-03-09 11:03:19,540 - youtube_fetcher - INFO - Fetching latest videos...
2025-03-09 11:03:20,006 - youtube_fetcher - INFO - Adding new video: 6aDIzqtPiow
2025-03-09 11:03:20,038 - youtube_fetcher - INFO - Added 1 new videos to database
2025-03-09 11:03:30,036 - youtube_fetcher - INFO - Fetching latest videos...
2025-03-09 11:03:40,510 - youtube_fetcher - INFO - Fetching latest videos...
2025-03-09 11:03:51,050 - youtube_fetcher - INFO - Fetching latest videos...
2025-03-09 11:04:01,599 - youtube_fetcher - INFO - Fetching latest videos...
2025-03-09 11:04:02,128 - youtube_fetcher - INFO - Adding new video: BLoInS8oT70
2025-03-09 11:04:02,145 - youtube_fetcher - INFO - Added 1 new videos to database
2025-03-09 11:04:12,148 - youtube_fetcher - INFO - Fetching latest videos...
2025-03-09 11:04:22,679 - youtube_fetcher - INFO - Fetching latest videos...
2025-03-09 11:04:33,149 - youtube_fetcher - INFO - Fetching latest videos...
2025-03-09 11:04:43,645 - youtube_fetcher - INFO - Fetching latest videos...
2025-03-09 11:04:54,185 - youtube_fetcher - INFO - Fetching latest videos...
2025-03-09 11:05:04,690 - youtube_fetcher - INFO - Fetching latest videos...
2025-03-09 11:05:15,178 - youtube_fetcher - INFO - Fetching latest videos...
2025-03-09 11:05:25,687 - youtube_fetcher - INFO - Fetching latest videos...
2025-03-09 11:05:36,156 - youtube_fetcher - INFO - Fetching latest videos...
2025-03-09 11:05:46,680 - youtube_fetcher - INFO - Fetching latest videos...
2025-03-09 11:05:47,209 - youtube_fetcher - INFO - Adding new video: NObjIkXOxjY
2025-03-09 11:05:47,221 - youtube_fetcher - INFO - Added 1 new videos to database
2025-03-09 11:05:57,222 - youtube_fetcher - INFO - Fetching latest videos...
2025-03-09 11:06:07,726 - youtube_fetcher - INFO - Fetching latest videos...
2025-03-09 11:06:18,241 - youtube_fetcher - INFO - Fetching latest videos...
2025-03-09 11:06:28,753 - youtube_fetcher - INFO - Fetching latest videos...
2025-03-09 11:06:39,259 - youtube_fetcher - INFO - Fetching latest videos...
2025-03-09 11:06:49,849 - youtube_fetcher - INFO - Fetching latest videos...
2025-03-09 11:07:00,301 - youtube_fetcher - INFO - Fetching latest videos...
2025-03-09 11:07:10,772 - youtube_fetcher - INFO - Fetching latest videos...
2025-03-09 11:07:21,242 - youtube_fetcher - INFO - Fetching latest videos...
2025-03-09 11:07:31,700 - youtube_fetcher - INFO - Fetching latest videos...
2025-03-09 11:07:42,139 - youtube_fetcher - INFO - Fetching latest videos...
2025-03-09 11:07:52,667 - youtube_fetcher - INFO - Fetching latest videos...
2025-03-09 11:08:03,179 - youtube_fetcher - INFO - Fetching latest videos...
2025-03-09 11:08:13,701 - youtube_fetcher - INFO - Fetching latest videos...
2025-03-09 11:08:24,213 - youtube_fetcher - INFO - Fetching latest videos...
2025-03-09 11:08:34,748 - youtube_fetcher - INFO - Fetching latest videos...
2025-03-09 11:08:45,262 - youtube_fetcher - INFO - Fetching latest videos...
2025-03-09 11:08:45,762 - youtube_fetcher - INFO - Adding new video: QvTgIU2KWXM
2025-03-09 11:08:45,772 - youtube_fetcher - INFO - Added 1 new videos to database
2025-03-09 11:08:55,774 - youtube_fetcher - INFO - Fetching latest videos...
2025-03-09 11:09:06,262 - youtube_fetcher - INFO - Fetching latest videos...
2025-03-09 11:09:16,835 - youtube_fetcher - INFO - Fetching latest videos...
2025-03-09 11:09:27,357 - youtube_fetcher - INFO - Fetching latest videos...
2025-03-09 11:09:37,910 - youtube_fetcher - INFO - Fetching latest videos...
2025-03-09 11:09:48,389 - youtube_fetcher - INFO - Fetching latest videos...
2025-03-09 11:09:58,868 - youtube_fetcher - INFO - Fetching latest videos...
2025-03-09 11:10:15,673 - youtube_fetcher - INFO - Fetching latest videos...
2025-03-09 11:10:26,706 - youtube_fetcher - INFO - Fetching latest videos...
2025-03-09 11:10:37,244 - youtube_fetcher - INFO - Fetching latest videos...
2025-03-09 11:10:47,742 - youtube_fetcher - INFO - Fetching latest videos...
2025-03-09 11:11:04,543 - youtube_fetcher - INFO - Fetching latest videos...
2025-03-09 11:11:05,360 - youtube_fetcher - INFO - Adding new video: iabqomPgoIY
2025-03-09 11:11:05,385 - youtube_fetcher - INFO - Added 1 new videos to database
2025-03-09 11:11:15,386 - youtube_fetcher - INFO - Fetching latest videos...
2025-03-09 11:11:25,906 - youtube_fetcher - INFO - Fetching latest videos...
2025-03-09 11:11:36,453 - youtube_fetcher - INFO - Fetching latest videos...
2025-03-09 11:11:46,924 - youtube_fetcher - INFO - Fetching latest videos...
2025-03-09 11:31:18,955 - youtube_fetcher - INFO - Fetching latest videos...
2025-03-09 11:31:20,121 - youtube_fetcher - INFO - Adding new video: eFd4GjXt4RE
2025-03-09 11:31:20,125 - youtube_fetcher - INFO - Adding new video: gODozTVuvms
2025-03-09 11:31:20,143 - youtube_fetcher - INFO - Added 2 new videos to database
2025-03-09 11:31:30,141 - youtube_fetcher - INFO - Fetching latest videos...
2025-03-09 11:31:40,631 - youtube_fetcher - INFO - Fetching latest videos...
2025-03-09 11:31:51,131 - youtube_fetcher - INFO - Fetching latest videos...
2025-03-09 11:31:51,638 - youtube_fetcher - INFO - Adding new video: gFBuTIf3js0
2025-03-09 11:31:51,654 - youtube_fetcher - INFO - Added 1 new videos to database
2025-03-09 11:32:01,651 - youtube_fetcher - INFO - Fetching latest videos...
